ProyectoF1/app/build/intermediates/manifest_merge_blame_file/debug/processDebugMainManifest/manifest-merger-blame-debug-report.txt
1<?xml version="1.0" encoding="utf-8"?>
2<manifest xmlns:android="http://schemas.android.com/apk/res/android"
3    package="com.example.proyectof1"
4    android:versionCode="1"
5    android:versionName="1.0" >
6
7    <uses-sdk
8        android:minSdkVersion="26"
9        android:targetSdkVersion="34" />
10
11    <uses-permission android:name="android.permission.POST_NOTIFICATIONS" />
11-->src\main\AndroidManifest.xml:5:5-77
11-->src\main\AndroidManifest.xml:5:22-74
12    <uses-permission android:name="android.permission.CAMERA" />
12-->src\main\AndroidManifest.xml:6:5-65
12-->src\main\AndroidManifest.xml:6:22-62
13
14    <uses-feature android:name="android.hardware.camera" />
14-->src\main\AndroidManifest.xml:7:5-60
14-->src\main\AndroidManifest.xml:7:19-57
15    <uses-feature android:name="android.hardware.sensor.proximity" />
15-->src\main\AndroidManifest.xml:8:5-70
15-->src\main\AndroidManifest.xml:8:19-67
16
17    <uses-permission android:name="android.permission.ACCESS_FINE_LOCATION" />
17-->src\main\AndroidManifest.xml:9:5-79
17-->src\main\AndroidManifest.xml:9:22-76
18    <uses-permission android:name="android.permission.ACCESS_COARSE_LOCATION" />
18-->src\main\AndroidManifest.xml:10:5-81
18-->src\main\AndroidManifest.xml:10:22-78
19    <uses-permission android:name="android.permission.ACCESS_NETWORK_STATE" />
19-->src\main\AndroidManifest.xml:11:5-79
19-->src\main\AndroidManifest.xml:11:22-76
20    <uses-permission android:name="android.permission.INTERNET" />
20-->src\main\AndroidManifest.xml:12:5-66
20-->src\main\AndroidManifest.xml:12:22-64
21    <uses-permission android:name="com.google.android.providers.gsf.permission.READ_GSERVICES" />
21-->[com.google.android.recaptcha:recaptcha:18.4.0] AndroidManifest.xml:9:5-98
21-->[com.google.android.recaptcha:recaptcha:18.4.0] AndroidManifest.xml:9:22-95
22    <uses-permission android:name="android.permission.REORDER_TASKS" />
22-->[androidx.fragment:fragment-testing-manifest:1.8.0] AndroidManifest.xml:23:5-72
22-->[androidx.fragment:fragment-testing-manifest:1.8.0] AndroidManifest.xml:23:22-69
23
24    <uses-feature
24-->[com.google.android.gms:play-services-maps:18.0.2] AndroidManifest.xml:26:5-28:35
25        android:glEsVersion="0x00020000"
25-->[com.google.android.gms:play-services-maps:18.0.2] AndroidManifest.xml:27:9-41
26        android:required="true" />
26-->[com.google.android.gms:play-services-maps:18.0.2] AndroidManifest.xml:28:9-32
27
28    <queries>
28-->[com.google.android.gms:play-services-maps:18.0.2] AndroidManifest.xml:30:5-34:15
29
30        <!-- Needs to be explicitly declared on Android R+ -->
31        <package android:name="com.google.android.apps.maps" />
31-->[com.google.android.gms:play-services-maps:18.0.2] AndroidManifest.xml:33:9-64
31-->[com.google.android.gms:play-services-maps:18.0.2] AndroidManifest.xml:33:18-61
32    </queries>
33
34    <permission
34-->[androidx.core:core:1.10.1] AndroidManifest.xml:22:5-24:47
35        android:name="com.example.proyectof1.DYNAMIC_RECEIVER_NOT_EXPORTED_PERMISSION"
35-->[androidx.core:core:1.10.1] AndroidManifest.xml:23:9-81
36        android:protectionLevel="signature" />
36-->[androidx.core:core:1.10.1] AndroidManifest.xml:24:9-44
37
38    <uses-permission android:name="com.example.proyectof1.DYNAMIC_RECEIVER_NOT_EXPORTED_PERMISSION" />
38-->[androidx.core:core:1.10.1] AndroidManifest.xml:26:5-97
38-->[androidx.core:core:1.10.1] AndroidManifest.xml:26:22-94
39
40    <application
40-->src\main\AndroidManifest.xml:14:5-81:19
41        android:allowBackup="true"
41-->src\main\AndroidManifest.xml:15:9-35
42        android:appComponentFactory="androidx.core.app.CoreComponentFactory"
42-->[androidx.core:core:1.10.1] AndroidManifest.xml:28:18-86
43        android:dataExtractionRules="@xml/data_extraction_rules"
43-->src\main\AndroidManifest.xml:16:9-65
44        android:debuggable="true"
45        android:extractNativeLibs="false"
46        android:fullBackupContent="@xml/backup_rules"
46-->src\main\AndroidManifest.xml:17:9-54
47        android:icon="@mipmap/ic_launcher"
47-->src\main\AndroidManifest.xml:18:9-43
48        android:label="@string/app_name"
48-->src\main\AndroidManifest.xml:19:9-41
49        android:roundIcon="@mipmap/ic_launcher_round"
49-->src\main\AndroidManifest.xml:20:9-54
50        android:supportsRtl="true"
50-->src\main\AndroidManifest.xml:21:9-35
51        android:testOnly="true"
52        android:theme="@style/Theme.ProyectoF1" >
52-->src\main\AndroidManifest.xml:22:9-48
53        <activity
53-->src\main\AndroidManifest.xml:24:9-26:40
54            android:name="com.example.proyectof1.MainActivitytutoriales"
54-->src\main\AndroidManifest.xml:25:13-51
55            android:exported="false" />
55-->src\main\AndroidManifest.xml:26:13-37
56        <activity
56-->src\main\AndroidManifest.xml:27:9-29:40
57            android:name="com.example.proyectof1.MainActivitycamara"
57-->src\main\AndroidManifest.xml:28:13-47
58            android:exported="false" />
58-->src\main\AndroidManifest.xml:29:13-37
59        <activity
59-->src\main\AndroidManifest.xml:30:9-32:40
60            android:name="com.example.proyectof1.MainActivitylocali"
60-->src\main\AndroidManifest.xml:31:13-47
61            android:exported="false" />
61-->src\main\AndroidManifest.xml:32:13-37
62        <activity
62-->src\main\AndroidManifest.xml:33:9-35:40
63            android:name="com.example.proyectof1.MainActivitybuscmod"
63-->src\main\AndroidManifest.xml:34:13-48
64            android:exported="false" />
64-->src\main\AndroidManifest.xml:35:13-37
65        <activity
65-->src\main\AndroidManifest.xml:36:9-38:40
66            android:name="com.example.proyectof1.MainActivitybuscarmodificar"
66-->src\main\AndroidManifest.xml:37:13-56
67            android:exported="false" />
67-->src\main\AndroidManifest.xml:38:13-37
68        <activity
68-->src\main\AndroidManifest.xml:39:9-41:40
69            android:name="com.example.proyectof1.MainActivitycreacion"
69-->src\main\AndroidManifest.xml:40:13-49
70            android:exported="false" />
70-->src\main\AndroidManifest.xml:41:13-37
71        <activity
71-->src\main\AndroidManifest.xml:42:9-44:40
72            android:name="com.example.proyectof1.MainActivitycreate"
72-->src\main\AndroidManifest.xml:43:13-47
73            android:exported="false" />
73-->src\main\AndroidManifest.xml:44:13-37
74        <activity
74-->src\main\AndroidManifest.xml:45:9-47:40
75            android:name="com.example.proyectof1.MainActivityRegistro"
75-->src\main\AndroidManifest.xml:46:13-49
76            android:exported="false" />
76-->src\main\AndroidManifest.xml:47:13-37
77        <activity
77-->src\main\AndroidManifest.xml:48:9-50:40
78            android:name="com.example.proyectof1.RegisterActivity"
78-->src\main\AndroidManifest.xml:49:13-45
79            android:exported="false" />
79-->src\main\AndroidManifest.xml:50:13-37
80        <activity
80-->src\main\AndroidManifest.xml:51:9-53:40
81            android:name="com.example.proyectof1.MainActivity7"
81-->src\main\AndroidManifest.xml:52:13-42
82            android:exported="false" />
82-->src\main\AndroidManifest.xml:53:13-37
83        <activity
83-->src\main\AndroidManifest.xml:54:9-56:40
84            android:name="com.example.proyectof1.MainActivity6"
84-->src\main\AndroidManifest.xml:55:13-42
85            android:exported="false" />
85-->src\main\AndroidManifest.xml:56:13-37
86        <activity
86-->src\main\AndroidManifest.xml:57:9-59:40
87            android:name="com.example.proyectof1.MainActivity5"
87-->src\main\AndroidManifest.xml:58:13-42
88            android:exported="false" />
88-->src\main\AndroidManifest.xml:59:13-37
89        <activity
89-->src\main\AndroidManifest.xml:60:9-62:40
90            android:name="com.example.proyectof1.MainActivity4"
90-->src\main\AndroidManifest.xml:61:13-42
91            android:exported="false" />
91-->src\main\AndroidManifest.xml:62:13-37
92        <activity
92-->src\main\AndroidManifest.xml:63:9-65:40
93            android:name="com.example.proyectof1.MainActivity3"
93-->src\main\AndroidManifest.xml:64:13-42
94            android:exported="false" />
94-->src\main\AndroidManifest.xml:65:13-37
95        <activity
95-->src\main\AndroidManifest.xml:66:9-68:40
96            android:name="com.example.proyectof1.MainActivity2"
96-->src\main\AndroidManifest.xml:67:13-42
97            android:exported="false" />
97-->src\main\AndroidManifest.xml:68:13-37
98        <activity
98-->src\main\AndroidManifest.xml:69:9-77:20
99            android:name="com.example.proyectof1.MainActivity"
99-->src\main\AndroidManifest.xml:70:13-41
100            android:exported="true" >
100-->src\main\AndroidManifest.xml:71:13-36
101            <intent-filter>
101-->src\main\AndroidManifest.xml:72:13-76:29
102                <action android:name="android.intent.action.MAIN" />
102-->src\main\AndroidManifest.xml:73:17-69
102-->src\main\AndroidManifest.xml:73:25-66
103
104                <category android:name="android.intent.category.LAUNCHER" />
104-->src\main\AndroidManifest.xml:75:17-77
104-->src\main\AndroidManifest.xml:75:27-74
105            </intent-filter>
106        </activity>
107
108        <meta-data
108-->src\main\AndroidManifest.xml:78:9-80:70
109            android:name="com.google.android.geo.API_KEY"
109-->src\main\AndroidManifest.xml:79:13-58
110            android:value="AIzaSyBKQ8gftQMzRF6dol-TbaQ8cHBb6c2-uQE" />
110-->src\main\AndroidManifest.xml:80:13-68
111
112        <activity
112-->[com.google.firebase:firebase-auth:23.0.0] AndroidManifest.xml:29:9-46:20
113            android:name="com.google.firebase.auth.internal.GenericIdpActivity"
113-->[com.google.firebase:firebase-auth:23.0.0] AndroidManifest.xml:30:13-80
114            android:excludeFromRecents="true"
114-->[com.google.firebase:firebase-auth:23.0.0] AndroidManifest.xml:31:13-46
115            android:exported="true"
115-->[com.google.firebase:firebase-auth:23.0.0] AndroidManifest.xml:32:13-36
116            android:launchMode="singleTask"
116-->[com.google.firebase:firebase-auth:23.0.0] AndroidManifest.xml:33:13-44
117            android:theme="@android:style/Theme.Translucent.NoTitleBar" >
117-->[com.google.firebase:firebase-auth:23.0.0] AndroidManifest.xml:34:13-72
118            <intent-filter>
118-->[com.google.firebase:firebase-auth:23.0.0] AndroidManifest.xml:35:13-45:29
119                <action android:name="android.intent.action.VIEW" />
119-->[com.google.firebase:firebase-auth:23.0.0] AndroidManifest.xml:36:17-69
119-->[com.google.firebase:firebase-auth:23.0.0] AndroidManifest.xml:36:25-66
120
121                <category android:name="android.intent.category.DEFAULT" />
121-->[com.google.firebase:firebase-auth:23.0.0] AndroidManifest.xml:38:17-76
121-->[com.google.firebase:firebase-auth:23.0.0] AndroidManifest.xml:38:27-73
122                <category android:name="android.intent.category.BROWSABLE" />
122-->[com.google.firebase:firebase-auth:23.0.0] AndroidManifest.xml:39:17-78
122-->[com.google.firebase:firebase-auth:23.0.0] AndroidManifest.xml:39:27-75
123
124                <data
124-->[com.google.firebase:firebase-auth:23.0.0] AndroidManifest.xml:41:17-44:51
125                    android:host="firebase.auth"
125-->[com.google.firebase:firebase-auth:23.0.0] AndroidManifest.xml:42:21-49
126                    android:path="/"
126-->[com.google.firebase:firebase-auth:23.0.0] AndroidManifest.xml:43:21-37
127                    android:scheme="genericidp" />
127-->[com.google.firebase:firebase-auth:23.0.0] AndroidManifest.xml:44:21-48
128            </intent-filter>
129        </activity>
130        <activity
130-->[com.google.firebase:firebase-auth:23.0.0] AndroidManifest.xml:47:9-64:20
131            android:name="com.google.firebase.auth.internal.RecaptchaActivity"
131-->[com.google.firebase:firebase-auth:23.0.0] AndroidManifest.xml:48:13-79
132            android:excludeFromRecents="true"
132-->[com.google.firebase:firebase-auth:23.0.0] AndroidManifest.xml:49:13-46
133            android:exported="true"
133-->[com.google.firebase:firebase-auth:23.0.0] AndroidManifest.xml:50:13-36
134            android:launchMode="singleTask"
134-->[com.google.firebase:firebase-auth:23.0.0] AndroidManifest.xml:51:13-44
135            android:theme="@android:style/Theme.Translucent.NoTitleBar" >
135-->[com.google.firebase:firebase-auth:23.0.0] AndroidManifest.xml:52:13-72
136            <intent-filter>
136-->[com.google.firebase:firebase-auth:23.0.0] AndroidManifest.xml:53:13-63:29
137                <action android:name="android.intent.action.VIEW" />
137-->[com.google.firebase:firebase-auth:23.0.0] AndroidManifest.xml:36:17-69
137-->[com.google.firebase:firebase-auth:23.0.0] AndroidManifest.xml:36:25-66
138
139                <category android:name="android.intent.category.DEFAULT" />
139-->[com.google.firebase:firebase-auth:23.0.0] AndroidManifest.xml:38:17-76
139-->[com.google.firebase:firebase-auth:23.0.0] AndroidManifest.xml:38:27-73
140                <category android:name="android.intent.category.BROWSABLE" />
140-->[com.google.firebase:firebase-auth:23.0.0] AndroidManifest.xml:39:17-78
140-->[com.google.firebase:firebase-auth:23.0.0] AndroidManifest.xml:39:27-75
141
142                <data
142-->[com.google.firebase:firebase-auth:23.0.0] AndroidManifest.xml:41:17-44:51
143                    android:host="firebase.auth"
143-->[com.google.firebase:firebase-auth:23.0.0] AndroidManifest.xml:42:21-49
144                    android:path="/"
144-->[com.google.firebase:firebase-auth:23.0.0] AndroidManifest.xml:43:21-37
145                    android:scheme="recaptcha" />
145-->[com.google.firebase:firebase-auth:23.0.0] AndroidManifest.xml:44:21-48
146            </intent-filter>
147        </activity>
148
149        <service
149-->[com.google.firebase:firebase-auth:23.0.0] AndroidManifest.xml:66:9-72:19
150            android:name="com.google.firebase.components.ComponentDiscoveryService"
150-->[com.google.firebase:firebase-auth:23.0.0] AndroidManifest.xml:67:13-84
151            android:directBootAware="true"
151-->[com.google.firebase:firebase-common:21.0.0] AndroidManifest.xml:32:13-43
152            android:exported="false" >
152-->[com.google.firebase:firebase-auth:23.0.0] AndroidManifest.xml:68:13-37
153            <meta-data
153-->[com.google.firebase:firebase-auth:23.0.0] AndroidManifest.xml:69:13-71:85
154                android:name="com.google.firebase.components:com.google.firebase.auth.FirebaseAuthRegistrar"
154-->[com.google.firebase:firebase-auth:23.0.0] AndroidManifest.xml:70:17-109
155                android:value="com.google.firebase.components.ComponentRegistrar" />
155-->[com.google.firebase:firebase-auth:23.0.0] AndroidManifest.xml:71:17-82
156            <meta-data
156-->[com.google.firebase:firebase-firestore:25.0.0] AndroidManifest.xml:17:13-19:85
157                android:name="com.google.firebase.components:com.google.firebase.firestore.FirebaseFirestoreKtxRegistrar"
157-->[com.google.firebase:firebase-firestore:25.0.0] AndroidManifest.xml:18:17-122
158                android:value="com.google.firebase.components.ComponentRegistrar" />
158-->[com.google.firebase:firebase-firestore:25.0.0] AndroidManifest.xml:19:17-82
159            <meta-data
159-->[com.google.firebase:firebase-firestore:25.0.0] AndroidManifest.xml:20:13-22:85
160                android:name="com.google.firebase.components:com.google.firebase.firestore.FirestoreRegistrar"
160-->[com.google.firebase:firebase-firestore:25.0.0] AndroidManifest.xml:21:17-111
161                android:value="com.google.firebase.components.ComponentRegistrar" />
161-->[com.google.firebase:firebase-firestore:25.0.0] AndroidManifest.xml:22:17-82
162            <meta-data
162-->[com.google.firebase:firebase-common-ktx:21.0.0] AndroidManifest.xml:12:13-14:85
163                android:name="com.google.firebase.components:com.google.firebase.ktx.FirebaseCommonLegacyRegistrar"
163-->[com.google.firebase:firebase-common-ktx:21.0.0] AndroidManifest.xml:13:17-116
164                android:value="com.google.firebase.components.ComponentRegistrar" />
164-->[com.google.firebase:firebase-common-ktx:21.0.0] AndroidManifest.xml:14:17-82
165            <meta-data
165-->[com.google.firebase:firebase-common:21.0.0] AndroidManifest.xml:35:13-37:85
166                android:name="com.google.firebase.components:com.google.firebase.FirebaseCommonKtxRegistrar"
166-->[com.google.firebase:firebase-common:21.0.0] AndroidManifest.xml:36:17-109
167                android:value="com.google.firebase.components.ComponentRegistrar" />
167-->[com.google.firebase:firebase-common:21.0.0] AndroidManifest.xml:37:17-82
168        </service>
169        <service
169-->[androidx.credentials:credentials-play-services-auth:1.2.0-rc01] AndroidManifest.xml:24:9-32:19
170            android:name="androidx.credentials.playservices.CredentialProviderMetadataHolder"
170-->[androidx.credentials:credentials-play-services-auth:1.2.0-rc01] AndroidManifest.xml:25:13-94
171            android:enabled="true"
171-->[androidx.credentials:credentials-play-services-auth:1.2.0-rc01] AndroidManifest.xml:26:13-35
172            android:exported="false" >
172-->[androidx.credentials:credentials-play-services-auth:1.2.0-rc01] AndroidManifest.xml:27:13-37
173            <meta-data
173-->[androidx.credentials:credentials-play-services-auth:1.2.0-rc01] AndroidManifest.xml:29:13-31:104
174                android:name="androidx.credentials.CREDENTIAL_PROVIDER_KEY"
174-->[androidx.credentials:credentials-play-services-auth:1.2.0-rc01] AndroidManifest.xml:30:17-76
175                android:value="androidx.credentials.playservices.CredentialProviderPlayServicesImpl" />
175-->[androidx.credentials:credentials-play-services-auth:1.2.0-rc01] AndroidManifest.xml:31:17-101
176        </service>
177
178        <activity
178-->[androidx.credentials:credentials-play-services-auth:1.2.0-rc01] AndroidManifest.xml:34:9-41:20
179            android:name="androidx.credentials.playservices.HiddenActivity"
179-->[androidx.credentials:credentials-play-services-auth:1.2.0-rc01] AndroidManifest.xml:35:13-76
180            android:configChanges="orientation|screenSize|screenLayout|keyboardHidden"
180-->[androidx.credentials:credentials-play-services-auth:1.2.0-rc01] AndroidManifest.xml:36:13-87
181            android:enabled="true"
181-->[androidx.credentials:credentials-play-services-auth:1.2.0-rc01] AndroidManifest.xml:37:13-35
182            android:exported="false"
182-->[androidx.credentials:credentials-play-services-auth:1.2.0-rc01] AndroidManifest.xml:38:13-37
183            android:fitsSystemWindows="true"
183-->[androidx.credentials:credentials-play-services-auth:1.2.0-rc01] AndroidManifest.xml:39:13-45
184            android:theme="@style/Theme.Hidden" >
184-->[androidx.credentials:credentials-play-services-auth:1.2.0-rc01] AndroidManifest.xml:40:13-48
185        </activity>
186        <activity
186-->[androidx.fragment:fragment-testing-manifest:1.8.0] AndroidManifest.xml:26:9-35:20
187            android:name="androidx.fragment.app.testing.EmptyFragmentActivity"
187-->[androidx.fragment:fragment-testing-manifest:1.8.0] AndroidManifest.xml:27:13-79
188            android:exported="true"
188-->[androidx.fragment:fragment-testing-manifest:1.8.0] AndroidManifest.xml:28:13-36
189            android:multiprocess="true"
189-->[androidx.fragment:fragment-testing-manifest:1.8.0] AndroidManifest.xml:29:13-40
190            android:taskAffinity=""
190-->[androidx.fragment:fragment-testing-manifest:1.8.0] AndroidManifest.xml:30:13-36
191            android:theme="@style/FragmentScenarioEmptyFragmentActivityTheme" >
191-->[androidx.fragment:fragment-testing-manifest:1.8.0] AndroidManifest.xml:31:13-78
192            <intent-filter>
192-->[androidx.fragment:fragment-testing-manifest:1.8.0] AndroidManifest.xml:32:13-34:29
193                <action android:name="android.intent.action.MAIN" />
193-->src\main\AndroidManifest.xml:73:17-69
193-->src\main\AndroidManifest.xml:73:25-66
194            </intent-filter>
195        </activity> <!-- Needs to be explicitly declared on P+ -->
196        <uses-library
196-->[com.google.android.gms:play-services-maps:18.0.2] AndroidManifest.xml:39:9-41:40
197            android:name="org.apache.http.legacy"
197-->[com.google.android.gms:play-services-maps:18.0.2] AndroidManifest.xml:40:13-50
198            android:required="false" />
198-->[com.google.android.gms:play-services-maps:18.0.2] AndroidManifest.xml:41:13-37
199
200        <activity
200-->[com.google.android.gms:play-services-auth:20.7.0] AndroidManifest.xml:23:9-27:75
201            android:name="com.google.android.gms.auth.api.signin.internal.SignInHubActivity"
201-->[com.google.android.gms:play-services-auth:20.7.0] AndroidManifest.xml:24:13-93
202            android:excludeFromRecents="true"
202-->[com.google.android.gms:play-services-auth:20.7.0] AndroidManifest.xml:25:13-46
203            android:exported="false"
203-->[com.google.android.gms:play-services-auth:20.7.0] AndroidManifest.xml:26:13-37
204            android:theme="@android:style/Theme.Translucent.NoTitleBar" />
204-->[com.google.android.gms:play-services-auth:20.7.0] AndroidManifest.xml:27:13-72
205        <!--
206            Service handling Google Sign-In user revocation. For apps that do not integrate with
207            Google Sign-In, this service will never be started.
208        -->
209        <service
209-->[com.google.android.gms:play-services-auth:20.7.0] AndroidManifest.xml:33:9-37:51
210            android:name="com.google.android.gms.auth.api.signin.RevocationBoundService"
210-->[com.google.android.gms:play-services-auth:20.7.0] AndroidManifest.xml:34:13-89
211            android:exported="true"
211-->[com.google.android.gms:play-services-auth:20.7.0] AndroidManifest.xml:35:13-36
212            android:permission="com.google.android.gms.auth.api.signin.permission.REVOCATION_NOTIFICATION"
212-->[com.google.android.gms:play-services-auth:20.7.0] AndroidManifest.xml:36:13-107
213            android:visibleToInstantApps="true" />
213-->[com.google.android.gms:play-services-auth:20.7.0] AndroidManifest.xml:37:13-48
214
215        <activity
215-->[com.google.android.gms:play-services-base:18.0.1] AndroidManifest.xml:20:9-22:45
216            android:name="com.google.android.gms.common.api.GoogleApiActivity"
216-->[com.google.android.gms:play-services-base:18.0.1] AndroidManifest.xml:20:19-85
217            android:exported="false"
217-->[com.google.android.gms:play-services-base:18.0.1] AndroidManifest.xml:22:19-43
218            android:theme="@android:style/Theme.Translucent.NoTitleBar" />
218-->[com.google.android.gms:play-services-base:18.0.1] AndroidManifest.xml:21:19-78
219
220        <provider
220-->[com.google.firebase:firebase-common:21.0.0] AndroidManifest.xml:23:9-28:39
221            android:name="com.google.firebase.provider.FirebaseInitProvider"
221-->[com.google.firebase:firebase-common:21.0.0] AndroidManifest.xml:24:13-77
222            android:authorities="com.example.proyectof1.firebaseinitprovider"
222-->[com.google.firebase:firebase-common:21.0.0] AndroidManifest.xml:25:13-72
223            android:directBootAware="true"
223-->[com.google.firebase:firebase-common:21.0.0] AndroidManifest.xml:26:13-43
224            android:exported="false"
224-->[com.google.firebase:firebase-common:21.0.0] AndroidManifest.xml:27:13-37
225            android:initOrder="100" />
225-->[com.google.firebase:firebase-common:21.0.0] AndroidManifest.xml:28:13-36
226
227        <meta-data
227-->[com.google.android.gms:play-services-basement:18.3.0] AndroidManifest.xml:21:9-23:69
228            android:name="com.google.android.gms.version"
228-->[com.google.android.gms:play-services-basement:18.3.0] AndroidManifest.xml:22:13-58
229            android:value="@integer/google_play_services_version" />
229-->[com.google.android.gms:play-services-basement:18.3.0] AndroidManifest.xml:23:13-66
230
231        <activity
231-->[androidx.test:core:1.5.0] AndroidManifest.xml:27:9-34:20
232            android:name="androidx.test.core.app.InstrumentationActivityInvoker$BootstrapActivity"
232-->[androidx.test:core:1.5.0] AndroidManifest.xml:28:13-99
233            android:exported="true"
233-->[androidx.test:core:1.5.0] AndroidManifest.xml:29:13-36
234            android:theme="@style/WhiteBackgroundTheme" >
234-->[androidx.test:core:1.5.0] AndroidManifest.xml:30:13-56
235            <intent-filter android:priority="-100" >
235-->[androidx.test:core:1.5.0] AndroidManifest.xml:31:13-33:29
235-->[androidx.test:core:1.5.0] AndroidManifest.xml:31:28-51
236                <category android:name="android.intent.category.LAUNCHER" />
236-->src\main\AndroidManifest.xml:75:17-77
236-->src\main\AndroidManifest.xml:75:27-74
237            </intent-filter>
238        </activity>
239        <activity
239-->[androidx.test:core:1.5.0] AndroidManifest.xml:35:9-42:20
240            android:name="androidx.test.core.app.InstrumentationActivityInvoker$EmptyActivity"
240-->[androidx.test:core:1.5.0] AndroidManifest.xml:36:13-95
241            android:exported="true"
241-->[androidx.test:core:1.5.0] AndroidManifest.xml:37:13-36
242            android:theme="@style/WhiteBackgroundTheme" >
242-->[androidx.test:core:1.5.0] AndroidManifest.xml:38:13-56
243            <intent-filter android:priority="-100" >
243-->[androidx.test:core:1.5.0] AndroidManifest.xml:31:13-33:29
243-->[androidx.test:core:1.5.0] AndroidManifest.xml:31:28-51
244                <category android:name="android.intent.category.LAUNCHER" />
244-->src\main\AndroidManifest.xml:75:17-77
244-->src\main\AndroidManifest.xml:75:27-74
245            </intent-filter>
246        </activity>
247        <activity
247-->[androidx.test:core:1.5.0] AndroidManifest.xml:43:9-50:20
248            android:name="androidx.test.core.app.InstrumentationActivityInvoker$EmptyFloatingActivity"
248-->[androidx.test:core:1.5.0] AndroidManifest.xml:44:13-103
249            android:exported="true"
249-->[androidx.test:core:1.5.0] AndroidManifest.xml:45:13-36
250            android:theme="@style/WhiteBackgroundDialogTheme" >
250-->[androidx.test:core:1.5.0] AndroidManifest.xml:46:13-62
251            <intent-filter android:priority="-100" >
251-->[androidx.test:core:1.5.0] AndroidManifest.xml:31:13-33:29
251-->[androidx.test:core:1.5.0] AndroidManifest.xml:31:28-51
252                <category android:name="android.intent.category.LAUNCHER" />
252-->src\main\AndroidManifest.xml:75:17-77
252-->src\main\AndroidManifest.xml:75:27-74
253            </intent-filter>
254        </activity>
255
256        <provider
256-->[androidx.emoji2:emoji2:1.2.0] AndroidManifest.xml:24:9-32:20
257            android:name="androidx.startup.InitializationProvider"
257-->[androidx.emoji2:emoji2:1.2.0] AndroidManifest.xml:25:13-67
258            android:authorities="com.example.proyectof1.androidx-startup"
258-->[androidx.emoji2:emoji2:1.2.0] AndroidManifest.xml:26:13-68
259            android:exported="false" >
259-->[androidx.emoji2:emoji2:1.2.0] AndroidManifest.xml:27:13-37
260            <meta-data
260-->[androidx.emoji2:emoji2:1.2.0] AndroidManifest.xml:29:13-31:52
261                android:name="androidx.emoji2.text.EmojiCompatInitializer"
261-->[androidx.emoji2:emoji2:1.2.0] AndroidManifest.xml:30:17-75
262                android:value="androidx.startup" />
262-->[androidx.emoji2:emoji2:1.2.0] AndroidManifest.xml:31:17-49
263            <meta-data
263-->[androidx.lifecycle:lifecycle-process:2.6.1] AndroidManifest.xml:29:13-31:52
264                android:name="androidx.lifecycle.ProcessLifecycleInitializer"
264-->[androidx.lifecycle:lifecycle-process:2.6.1] AndroidManifest.xml:30:17-78
265                android:value="androidx.startup" />
265-->[androidx.lifecycle:lifecycle-process:2.6.1] AndroidManifest.xml:31:17-49
266            <meta-data
266-->[androidx.profileinstaller:profileinstaller:1.3.1] AndroidManifest.xml:29:13-31:52
267                android:name="androidx.profileinstaller.ProfileInstallerInitializer"
267-->[androidx.profileinstaller:profileinstaller:1.3.1] AndroidManifest.xml:30:17-85
268                android:value="androidx.startup" />
268-->[androidx.profileinstaller:profileinstaller:1.3.1] AndroidManifest.xml:31:17-49
269        </provider>
270
271        <receiver
271-->[androidx.profileinstaller:profileinstaller:1.3.1] AndroidManifest.xml:34:9-52:20
272            android:name="androidx.profileinstaller.ProfileInstallReceiver"
272-->[androidx.profileinstaller:profileinstaller:1.3.1] AndroidManifest.xml:35:13-76
273            android:directBootAware="false"
273-->[androidx.profileinstaller:profileinstaller:1.3.1] AndroidManifest.xml:36:13-44
274            android:enabled="true"
274-->[androidx.profileinstaller:profileinstaller:1.3.1] AndroidManifest.xml:37:13-35
275            android:exported="true"
275-->[androidx.profileinstaller:profileinstaller:1.3.1] AndroidManifest.xml:38:13-36
276            android:permission="android.permission.DUMP" >
276-->[androidx.profileinstaller:profileinstaller:1.3.1] AndroidManifest.xml:39:13-57
277            <intent-filter>
277-->[androidx.profileinstaller:profileinstaller:1.3.1] AndroidManifest.xml:40:13-42:29
278                <action android:name="androidx.profileinstaller.action.INSTALL_PROFILE" />
278-->[androidx.profileinstaller:profileinstaller:1.3.1] AndroidManifest.xml:41:17-91
278-->[androidx.profileinstaller:profileinstaller:1.3.1] AndroidManifest.xml:41:25-88
279            </intent-filter>
280            <intent-filter>
280-->[androidx.profileinstaller:profileinstaller:1.3.1] AndroidManifest.xml:43:13-45:29
281                <action android:name="androidx.profileinstaller.action.SKIP_FILE" />
281-->[androidx.profileinstaller:profileinstaller:1.3.1] AndroidManifest.xml:44:17-85
281-->[androidx.profileinstaller:profileinstaller:1.3.1] AndroidManifest.xml:44:25-82
282            </intent-filter>
283            <intent-filter>